
29. Executing CHECK pass (checking for obvious problems).
Checking module mkMain...
Checking module $paramod\FIFO2\width=32'00000000000000000000000000100010\guarded=1'1...
Checking module $paramod\FIFO2\width=32'00000000000000000000000000000010\guarded=1'1...
Checking module $paramod\FIFO2\width=32'00000000000000000000000000110000\guarded=1'1...
Checking module $paramod\FIFO2\width=32'00000000000000000000000001101000\guarded=1'1...
Checking module $paramod\FIFO2\width=32'00000000000000000000000000010100\guarded=1'1...
Checking module $paramod\FIFO2\width=32'00000000000000000000000001000000\guarded=1'1...
Checking module $paramod\FIFO2\width=32'00000000000000000000000000100001\guarded=1'1...
Checking module $paramod\FIFO2\width=32'00000000000000000000000000000001\guarded=1'1...
Checking module $paramod\FIFO2\width=32'00000000000000000000000000100000\guarded=1'1...
Checking module mkCordicExponential...
Checking module mkLeakyRelu...
Checking module mkCordicSineHCosineHRot...
Checking module mkFixedPointConvertModule...
Checking module mkArcTanH...
Checking module $paramod\FIFO2\width=32'00000000000000000000000000000101\guarded=1'1...
Checking module mkCordicSineHCosineH...
Checking module mkTanH...
Checking module $paramod\FIFO2\width=32'00000000000000000000000001101101\guarded=1'1...
Checking module mkSelu...
Checking module mkCordicModule...
Checking module mkSigmoid...
Found and reported 0 problems.
