
73. Printing statistics.

=== mkMain ===

   Number of wires:              62834
   Number of wire bits:          62898
   Number of public wires:        8842
   Number of public wire bits:    8906
   Number of memories:               0
   Number of memory bits:            0
   Number of processes:              0
   Number of cells:              62860
     sky130_fd_sc_hd__a2111o_2      30
     sky130_fd_sc_hd__a2111o_4       1
     sky130_fd_sc_hd__a2111oi_2      8
     sky130_fd_sc_hd__a2111oi_4      4
     sky130_fd_sc_hd__a211o_2      300
     sky130_fd_sc_hd__a211o_4       26
     sky130_fd_sc_hd__a211oi_2      60
     sky130_fd_sc_hd__a211oi_4       2
     sky130_fd_sc_hd__a21bo_2      225
     sky130_fd_sc_hd__a21bo_4        5
     sky130_fd_sc_hd__a21boi_2      84
     sky130_fd_sc_hd__a21boi_4       4
     sky130_fd_sc_hd__a21o_2      3972
     sky130_fd_sc_hd__a21o_4       126
     sky130_fd_sc_hd__a21oi_2     1758
     sky130_fd_sc_hd__a21oi_4       61
     sky130_fd_sc_hd__a221o_2     1448
     sky130_fd_sc_hd__a221o_4       30
     sky130_fd_sc_hd__a221oi_2      19
     sky130_fd_sc_hd__a221oi_4       2
     sky130_fd_sc_hd__a22o_2      3479
     sky130_fd_sc_hd__a22o_4         9
     sky130_fd_sc_hd__a22oi_2       58
     sky130_fd_sc_hd__a22oi_4        1
     sky130_fd_sc_hd__a2bb2o_2      95
     sky130_fd_sc_hd__a2bb2o_4       5
     sky130_fd_sc_hd__a311o_2       54
     sky130_fd_sc_hd__a311o_4        1
     sky130_fd_sc_hd__a311oi_2      10
     sky130_fd_sc_hd__a311oi_4       2
     sky130_fd_sc_hd__a31o_2       371
     sky130_fd_sc_hd__a31o_4        45
     sky130_fd_sc_hd__a31oi_2       67
     sky130_fd_sc_hd__a31oi_4        7
     sky130_fd_sc_hd__a32o_2        78
     sky130_fd_sc_hd__a32oi_2       18
     sky130_fd_sc_hd__a32oi_4        2
     sky130_fd_sc_hd__a41o_2        24
     sky130_fd_sc_hd__a41o_4         1
     sky130_fd_sc_hd__a41oi_2        3
     sky130_fd_sc_hd__a41oi_4        3
     sky130_fd_sc_hd__and2_2      2998
     sky130_fd_sc_hd__and2_4       141
     sky130_fd_sc_hd__and2b_2      858
     sky130_fd_sc_hd__and2b_4       20
     sky130_fd_sc_hd__and3_2      1457
     sky130_fd_sc_hd__and3_4        92
     sky130_fd_sc_hd__and3b_2      132
     sky130_fd_sc_hd__and3b_4        5
     sky130_fd_sc_hd__and4_2       107
     sky130_fd_sc_hd__and4_4        32
     sky130_fd_sc_hd__and4b_2       38
     sky130_fd_sc_hd__and4b_4        4
     sky130_fd_sc_hd__and4bb_2      23
     sky130_fd_sc_hd__and4bb_4       8
     sky130_fd_sc_hd__buf_1       6549
     sky130_fd_sc_hd__buf_12        74
     sky130_fd_sc_hd__buf_2         10
     sky130_fd_sc_hd__buf_4         23
     sky130_fd_sc_hd__buf_6        204
     sky130_fd_sc_hd__buf_8        179
     sky130_fd_sc_hd__bufbuf_8       8
     sky130_fd_sc_hd__bufinv_8     121
     sky130_fd_sc_hd__dfxtp_2     8868
     sky130_fd_sc_hd__inv_12        16
     sky130_fd_sc_hd__inv_16         2
     sky130_fd_sc_hd__inv_2        969
     sky130_fd_sc_hd__inv_4          4
     sky130_fd_sc_hd__inv_6          1
     sky130_fd_sc_hd__inv_8          3
     sky130_fd_sc_hd__mux2_1        30
     sky130_fd_sc_hd__mux2_2      4504
     sky130_fd_sc_hd__mux2_4       482
     sky130_fd_sc_hd__mux4_2        24
     sky130_fd_sc_hd__nand2_2     3909
     sky130_fd_sc_hd__nand2_4       24
     sky130_fd_sc_hd__nand2_8        8
     sky130_fd_sc_hd__nand2b_2      68
     sky130_fd_sc_hd__nand2b_4       9
     sky130_fd_sc_hd__nand3_2      403
     sky130_fd_sc_hd__nand3_4        2
     sky130_fd_sc_hd__nand3b_2      32
     sky130_fd_sc_hd__nand3b_4       1
     sky130_fd_sc_hd__nand4_2       32
     sky130_fd_sc_hd__nand4_4        1
     sky130_fd_sc_hd__nand4b_2       4
     sky130_fd_sc_hd__nand4b_4       1
     sky130_fd_sc_hd__nand4bb_2     11
     sky130_fd_sc_hd__nand4bb_4      2
     sky130_fd_sc_hd__nor2_2      4479
     sky130_fd_sc_hd__nor2_4        50
     sky130_fd_sc_hd__nor2_8         7
     sky130_fd_sc_hd__nor2b_2       26
     sky130_fd_sc_hd__nor2b_4        5
     sky130_fd_sc_hd__nor3_2       239
     sky130_fd_sc_hd__nor3_4         2
     sky130_fd_sc_hd__nor3b_2       21
     sky130_fd_sc_hd__nor4_2        15
     sky130_fd_sc_hd__nor4_4         2
     sky130_fd_sc_hd__nor4b_2        7
     sky130_fd_sc_hd__nor4b_4        1
     sky130_fd_sc_hd__o2111a_2      21
     sky130_fd_sc_hd__o2111ai_2      5
     sky130_fd_sc_hd__o211a_2      263
     sky130_fd_sc_hd__o211a_4       16
     sky130_fd_sc_hd__o211ai_2      64
     sky130_fd_sc_hd__o211ai_4       4
     sky130_fd_sc_hd__o21a_2       985
     sky130_fd_sc_hd__o21a_4        25
     sky130_fd_sc_hd__o21ai_2      946
     sky130_fd_sc_hd__o21ai_4       11
     sky130_fd_sc_hd__o21ba_2      245
     sky130_fd_sc_hd__o21ba_4        7
     sky130_fd_sc_hd__o21bai_2      87
     sky130_fd_sc_hd__o21bai_4       3
     sky130_fd_sc_hd__o221a_2       68
     sky130_fd_sc_hd__o221a_4        2
     sky130_fd_sc_hd__o221ai_2       3
     sky130_fd_sc_hd__o22a_2        71
     sky130_fd_sc_hd__o22a_4        12
     sky130_fd_sc_hd__o22ai_2       17
     sky130_fd_sc_hd__o2bb2a_2      99
     sky130_fd_sc_hd__o2bb2a_4      18
     sky130_fd_sc_hd__o2bb2ai_2      1
     sky130_fd_sc_hd__o311a_2       51
     sky130_fd_sc_hd__o311a_4        1
     sky130_fd_sc_hd__o311ai_2       8
     sky130_fd_sc_hd__o311ai_4       1
     sky130_fd_sc_hd__o31a_2       214
     sky130_fd_sc_hd__o31a_4        38
     sky130_fd_sc_hd__o31ai_2      107
     sky130_fd_sc_hd__o31ai_4        2
     sky130_fd_sc_hd__o32a_2        39
     sky130_fd_sc_hd__o32ai_2        5
     sky130_fd_sc_hd__o41a_2        23
     sky130_fd_sc_hd__o41a_4         2
     sky130_fd_sc_hd__o41ai_2        1
     sky130_fd_sc_hd__o41ai_4        1
     sky130_fd_sc_hd__or2_2       2546
     sky130_fd_sc_hd__or2_4        165
     sky130_fd_sc_hd__or2b_2       636
     sky130_fd_sc_hd__or2b_4         2
     sky130_fd_sc_hd__or3_2        768
     sky130_fd_sc_hd__or3_4         93
     sky130_fd_sc_hd__or3b_2       151
     sky130_fd_sc_hd__or3b_4        28
     sky130_fd_sc_hd__or4_2        197
     sky130_fd_sc_hd__or4_4         62
     sky130_fd_sc_hd__or4b_2        54
     sky130_fd_sc_hd__or4b_4        33
     sky130_fd_sc_hd__or4bb_2       13
     sky130_fd_sc_hd__xnor2_2     3414
     sky130_fd_sc_hd__xnor2_4       16
     sky130_fd_sc_hd__xor2_2      1369
     sky130_fd_sc_hd__xor2_4         2

   Chip area for module '\mkMain': 665803.558400

